<?xml version="1.0" encoding="UTF-8"?>
<!-- Generated by org.testng.reporters.JUnitReportReporter -->
<testsuite skipped="0" hostname="DESKTOP-A9S8UE0" name="com.digiCRMTest.autoqa.testcases.PasswordResetPageTest" tests="1" failures="0" timestamp="09 Jan 2020 23:20:13 GMT" time="29.306" errors="0">
  <testcase name="resetPasswordTest" time="29.306" classname="com.digiCRMTest.autoqa.testcases.PasswordResetPageTest"/>
</testsuite> <!-- com.digiCRMTest.autoqa.testcases.PasswordResetPageTest -->
