<?xml version="1.0" encoding="UTF-8"?>
<!-- Generated by org.testng.reporters.JUnitReportReporter -->
<testsuite skipped="0" hostname="DESKTOP-A9S8UE0" name="com.digiCRMTest.autoqa.testcases.HomePageTest" tests="2" failures="0" timestamp="09 Jan 2020 01:38:01 GMT" time="32.941" errors="0">
  <testcase name="homePageTitleTest" time="15.402" classname="com.digiCRMTest.autoqa.testcases.HomePageTest"/>
  <testcase name="LoginButtonTest" time="17.539" classname="com.digiCRMTest.autoqa.testcases.HomePageTest"/>
</testsuite> <!-- com.digiCRMTest.autoqa.testcases.HomePageTest -->
