<?xml version="1.0" encoding="UTF-8"?>
<!-- Generated by org.testng.reporters.JUnitReportReporter -->
<testsuite skipped="0" hostname="DESKTOP-A9S8UE0" name="com.digiCRMTest.autoqa.testcases.LoginPageTest" tests="3" failures="0" timestamp="09 Jan 2020 01:55:02 GMT" time="59.040" errors="0">
  <testcase name="loginPageTitleTest" time="16.299" classname="com.digiCRMTest.autoqa.testcases.LoginPageTest"/>
  <testcase name="LoginTest" time="23.955" classname="com.digiCRMTest.autoqa.testcases.LoginPageTest"/>
  <testcase name="PasswordResetLinkTest" time="18.786" classname="com.digiCRMTest.autoqa.testcases.LoginPageTest"/>
</testsuite> <!-- com.digiCRMTest.autoqa.testcases.LoginPageTest -->
