<?xml version="1.0" encoding="UTF-8"?>
<!-- Generated by org.testng.reporters.JUnitReportReporter -->
<testsuite skipped="0" hostname="DESKTOP-A9S8UE0" name="com.digiCRMTest.autoqa.testcases.UserLandingPageTest" tests="4" failures="0" timestamp="11 Jan 2020 00:30:19 GMT" time="114.158" errors="0">
  <testcase name="userLandingPageTitleTest" time="26.107" classname="com.digiCRMTest.autoqa.testcases.UserLandingPageTest"/>
  <testcase name="dealLinkTest" time="27.582" classname="com.digiCRMTest.autoqa.testcases.UserLandingPageTest"/>
  <testcase name="ContactsLinkTest" time="33.946" classname="com.digiCRMTest.autoqa.testcases.UserLandingPageTest"/>
  <testcase name="userNameTest" time="26.523" classname="com.digiCRMTest.autoqa.testcases.UserLandingPageTest"/>
</testsuite> <!-- com.digiCRMTest.autoqa.testcases.UserLandingPageTest -->
