<?xml version="1.0" encoding="UTF-8"?>
<!-- Generated by org.testng.reporters.JUnitReportReporter -->
<testsuite skipped="0" hostname="DESKTOP-A9S8UE0" name="com.digiCRMTest.autoqa.testcases.HomePageTest" tests="2" failures="0" timestamp="11 Jan 2020 00:39:23 GMT" time="39.354" errors="0">
  <testcase name="LoginButtonTest" time="22.977" classname="com.digiCRMTest.autoqa.testcases.HomePageTest"/>
  <testcase name="homePageTitleTest" time="16.377" classname="com.digiCRMTest.autoqa.testcases.HomePageTest"/>
</testsuite> <!-- com.digiCRMTest.autoqa.testcases.HomePageTest -->
