<?xml version="1.0" encoding="UTF-8"?>
<!-- Generated by org.testng.reporters.JUnitReportReporter -->
<testsuite skipped="0" hostname="DESKTOP-A9S8UE0" name="com.digiCRMTest.autoqa.testcases.UserLandingPageTest" tests="4" failures="0" timestamp="11 Jan 2020 00:39:23 GMT" time="96.928" errors="0">
  <testcase name="userLandingPageTitleTest" time="25.305" classname="com.digiCRMTest.autoqa.testcases.UserLandingPageTest"/>
  <testcase name="userNameTest" time="23.149" classname="com.digiCRMTest.autoqa.testcases.UserLandingPageTest"/>
  <testcase name="ContactsLinkTest" time="23.404" classname="com.digiCRMTest.autoqa.testcases.UserLandingPageTest"/>
  <testcase name="dealLinkTest" time="25.070" classname="com.digiCRMTest.autoqa.testcases.UserLandingPageTest"/>
</testsuite> <!-- com.digiCRMTest.autoqa.testcases.UserLandingPageTest -->
