<?xml version="1.0" encoding="UTF-8"?>
<!-- Generated by org.testng.reporters.JUnitReportReporter -->
<testsuite skipped="0" hostname="DESKTOP-A9S8UE0" name="com.digiCRMTest.autoqa.testcases.ContactsPageTest" tests="1" failures="0" timestamp="11 Jan 2020 00:39:23 GMT" time="33.703" errors="0">
  <testcase name="contactsPageTitleTest" time="33.703" classname="com.digiCRMTest.autoqa.testcases.ContactsPageTest"/>
</testsuite> <!-- com.digiCRMTest.autoqa.testcases.ContactsPageTest -->
