<?xml version="1.0" encoding="UTF-8"?>
<!-- Generated by org.testng.reporters.JUnitReportReporter -->
<testsuite skipped="0" hostname="DESKTOP-A9S8UE0" name="com.digiCRMTest.autoqa.testcases.LoginPageTest" tests="3" failures="0" timestamp="11 Jan 2020 00:39:23 GMT" time="70.641" errors="0">
  <testcase name="loginPageTitleTest" time="25.488" classname="com.digiCRMTest.autoqa.testcases.LoginPageTest"/>
  <testcase name="LoginTest" time="21.360" classname="com.digiCRMTest.autoqa.testcases.LoginPageTest"/>
  <testcase name="PasswordResetLinkTest" time="23.793" classname="com.digiCRMTest.autoqa.testcases.LoginPageTest"/>
</testsuite> <!-- com.digiCRMTest.autoqa.testcases.LoginPageTest -->
